<?xml version="1.0" encoding="UTF-8"?>
<!-- Generated by org.testng.reporters.JUnitReportReporter -->
<testsuite hostname="D-AGSANT-21" failures="0" tests="4" name="com.SmartRecycle.QA.Automation.ForgetPageTest" time="29.086" errors="0" timestamp="2023-09-07T17:28:04 IST" skipped="0">
  <testcase classname="com.SmartRecycle.QA.Automation.ForgetPageTest" name="verifyForgetpasswordLink" time="7.587"/>
  <testcase classname="com.SmartRecycle.QA.Automation.ForgetPageTest" name="Verifyfrpwwithvalidemail" time="13.064"/>
  <testcase classname="com.SmartRecycle.QA.Automation.ForgetPageTest" name="VerifyFrpwdwithInvalidata" time="4.926"/>
  <testcase classname="com.SmartRecycle.QA.Automation.ForgetPageTest" name="VerifySigninbtn" time="3.509"/>
</testsuite> <!-- com.SmartRecycle.QA.Automation.ForgetPageTest -->
