<?xml version="1.0" encoding="UTF-8"?>
<!-- Generated by org.testng.reporters.JUnitReportReporter -->
<testsuite hostname="D-AGSANT-21" failures="0" tests="3" name="com.SmartRecycle.QA.Automation.ResetPasswordTest" time="23.505" errors="0" timestamp="2023-09-07T17:28:04 IST" skipped="0">
  <testcase classname="com.SmartRecycle.QA.Automation.ResetPasswordTest" name="verifyOtpFeild" time="7.300"/>
  <testcase classname="com.SmartRecycle.QA.Automation.ResetPasswordTest" name="verifyNewpasswordfeild" time="8.223"/>
  <testcase classname="com.SmartRecycle.QA.Automation.ResetPasswordTest" name="verifyConfirmpwd" time="7.982"/>
</testsuite> <!-- com.SmartRecycle.QA.Automation.ResetPasswordTest -->
