<?xml version="1.0" encoding="UTF-8"?>
<!-- Generated by org.testng.reporters.JUnitReportReporter -->
<testsuite hostname="D-AGSANT-21" failures="0" tests="5" name="com.SmartRecycle.QA.Automation.LoginTest" time="22.093" errors="0" timestamp="2023-09-07T17:28:04 IST" skipped="0">
  <testcase classname="com.SmartRecycle.QA.Automation.LoginTest" name="verifywithValiddata" time="8.045"/>
  <testcase classname="com.SmartRecycle.QA.Automation.LoginTest" name="verifyCompanyrights" time="3.470"/>
  <testcase classname="com.SmartRecycle.QA.Automation.LoginTest" name="verifywithNodata" time="2.792"/>
  <testcase classname="com.SmartRecycle.QA.Automation.LoginTest" name="verifyemptyUNwithvalidPw" time="3.823"/>
  <testcase classname="com.SmartRecycle.QA.Automation.LoginTest" name="verifywithEmptypassword" time="3.963"/>
</testsuite> <!-- com.SmartRecycle.QA.Automation.LoginTest -->
